  DrawFourBar.obj : MSIL module encountered; incremental linking is disabled for MSIL; performing full link
SliderCrankWindow.obj : error LNK2028: unresolved token (0A000425) "extern "C" struct HDC__ * __stdcall GetDC(struct HWND__ *)" (?GetDC@@$$J14YGPAUHDC__@@PAUHWND__@@@Z) referenced in function "public: __clrcall Mechanism::DrawSliderCrank::DrawSliderCrank(class SliderCrank &)" (??0DrawSliderCrank@Mechanism@@$$FQ$AAM@AAVSliderCrank@@@Z)
SixBarWindow.obj : error LNK2028: unresolved token (0A000078) "extern "C" struct HDC__ * __stdcall GetDC(struct HWND__ *)" (?GetDC@@$$J14YGPAUHDC__@@PAUHWND__@@@Z) referenced in function "private: void __clrcall Mechanism::DrawSixBar::InitializeComponent(void)" (?InitializeComponent@DrawSixBar@Mechanism@@$$FA$AAMXXZ)
MainWindow.obj : error LNK2020: unresolved token (0A00042B) "extern "C" struct HDC__ * __stdcall GetDC(struct HWND__ *)" (?GetDC@@$$J14YGPAUHDC__@@PAUHWND__@@@Z)
FourBarWindow.obj : error LNK2020: unresolved token (0A00007B) "extern "C" struct HDC__ * __stdcall GetDC(struct HWND__ *)" (?GetDC@@$$J14YGPAUHDC__@@PAUHWND__@@@Z)
DrawSliderCrank.obj : error LNK2020: unresolved token (0A000424) "extern "C" struct HDC__ * __stdcall GetDC(struct HWND__ *)" (?GetDC@@$$J14YGPAUHDC__@@PAUHWND__@@@Z)
DrawSixBar.obj : error LNK2028: unresolved token (0A000078) "extern "C" struct HDC__ * __stdcall GetDC(struct HWND__ *)" (?GetDC@@$$J14YGPAUHDC__@@PAUHWND__@@@Z) referenced in function "public: __clrcall Mechanism::DrawSixBar::DrawSixBar(class SixBar &)" (??0DrawSixBar@Mechanism@@$$FQ$AAM@AAVSixBar@@@Z)
DrawFourBar.obj : error LNK2028: unresolved token (0A00007B) "extern "C" struct HDC__ * __stdcall GetDC(struct HWND__ *)" (?GetDC@@$$J14YGPAUHDC__@@PAUHWND__@@@Z) referenced in function "public: __clrcall Mechanism::DrawFourBar::DrawFourBar(class FourBar &,double)" (??0DrawFourBar@Mechanism@@$$FQ$AAM@AAVFourBar@@N@Z)
SliderCrankWindow.obj : error LNK2020: unresolved token (0A0004C6) "extern "C" int __stdcall ChoosePixelFormat(struct HDC__ *,struct tagPIXELFORMATDESCRIPTOR const *)" (?ChoosePixelFormat@@$$J18YGHPAUHDC__@@PBUtagPIXELFORMATDESCRIPTOR@@@Z)
SixBarWindow.obj : error LNK2028: unresolved token (0A0000C9) "extern "C" int __stdcall ChoosePixelFormat(struct HDC__ *,struct tagPIXELFORMATDESCRIPTOR const *)" (?ChoosePixelFormat@@$$J18YGHPAUHDC__@@PBUtagPIXELFORMATDESCRIPTOR@@@Z) referenced in function "private: void __clrcall Mechanism::DrawSixBar::InitializeComponent(void)" (?InitializeComponent@DrawSixBar@Mechanism@@$$FA$AAMXXZ)
MainWindow.obj : error LNK2020: unresolved token (0A0004D2) "extern "C" int __stdcall ChoosePixelFormat(struct HDC__ *,struct tagPIXELFORMATDESCRIPTOR const *)" (?ChoosePixelFormat@@$$J18YGHPAUHDC__@@PBUtagPIXELFORMATDESCRIPTOR@@@Z)
FourBarWindow.obj : error LNK2020: unresolved token (0A0000D2) "extern "C" int __stdcall ChoosePixelFormat(struct HDC__ *,struct tagPIXELFORMATDESCRIPTOR const *)" (?ChoosePixelFormat@@$$J18YGHPAUHDC__@@PBUtagPIXELFORMATDESCRIPTOR@@@Z)
DrawSliderCrank.obj : error LNK2020: unresolved token (0A0004C5) "extern "C" int __stdcall ChoosePixelFormat(struct HDC__ *,struct tagPIXELFORMATDESCRIPTOR const *)" (?ChoosePixelFormat@@$$J18YGHPAUHDC__@@PBUtagPIXELFORMATDESCRIPTOR@@@Z)
DrawSixBar.obj : error LNK2028: unresolved token (0A0000C9) "extern "C" int __stdcall ChoosePixelFormat(struct HDC__ *,struct tagPIXELFORMATDESCRIPTOR const *)" (?ChoosePixelFormat@@$$J18YGHPAUHDC__@@PBUtagPIXELFORMATDESCRIPTOR@@@Z) referenced in function "public: __clrcall Mechanism::DrawSixBar::DrawSixBar(class SixBar &)" (??0DrawSixBar@Mechanism@@$$FQ$AAM@AAVSixBar@@@Z)
DrawFourBar.obj : error LNK2028: unresolved token (0A0000D2) "extern "C" int __stdcall ChoosePixelFormat(struct HDC__ *,struct tagPIXELFORMATDESCRIPTOR const *)" (?ChoosePixelFormat@@$$J18YGHPAUHDC__@@PBUtagPIXELFORMATDESCRIPTOR@@@Z) referenced in function "public: __clrcall Mechanism::DrawFourBar::DrawFourBar(class FourBar &,double)" (??0DrawFourBar@Mechanism@@$$FQ$AAM@AAVFourBar@@N@Z)
SliderCrankWindow.obj : error LNK2028: unresolved token (0A00059B) "extern "C" int __stdcall SwapBuffers(struct HDC__ *)" (?SwapBuffers@@$$J14YGHPAUHDC__@@@Z) referenced in function "private: void __clrcall Mechanism::DrawSliderCrank::timer1_Tick(class System::Object ^,class System::EventArgs ^)" (?timer1_Tick@DrawSliderCrank@Mechanism@@$$FA$AAMXP$AAVObject@System@@P$AAVEventArgs@4@@Z)
SixBarWindow.obj : error LNK2020: unresolved token (0A000149) "extern "C" int __stdcall SwapBuffers(struct HDC__ *)" (?SwapBuffers@@$$J14YGHPAUHDC__@@@Z)
MainWindow.obj : error LNK2028: unresolved token (0A0005B8) "extern "C" int __stdcall SwapBuffers(struct HDC__ *)" (?SwapBuffers@@$$J14YGHPAUHDC__@@@Z) referenced in function "private: void __clrcall Mechanism::HelpWindow1::InitializeComponent(void)" (?InitializeComponent@HelpWindow1@Mechanism@@$$FA$AAMXXZ)
FourBarWindow.obj : error LNK2020: unresolved token (0A00015A) "extern "C" int __stdcall SwapBuffers(struct HDC__ *)" (?SwapBuffers@@$$J14YGHPAUHDC__@@@Z)
DrawSliderCrank.obj : error LNK2028: unresolved token (0A000579) "extern "C" int __stdcall SwapBuffers(struct HDC__ *)" (?SwapBuffers@@$$J14YGHPAUHDC__@@@Z) referenced in function "private: void __clrcall Mechanism::DrawSliderCrank::timer1_Tick(class System::Object ^,class System::EventArgs ^)" (?timer1_Tick@DrawSliderCrank@Mechanism@@$$FA$AAMXP$AAVObject@System@@P$AAVEventArgs@4@@Z)
DrawSixBar.obj : error LNK2028: unresolved token (0A00012A) "extern "C" int __stdcall SwapBuffers(struct HDC__ *)" (?SwapBuffers@@$$J14YGHPAUHDC__@@@Z) referenced in function "private: void __clrcall Mechanism::DrawSixBar::InitializeComponent(void)" (?InitializeComponent@DrawSixBar@Mechanism@@$$FA$AAMXXZ)
DrawFourBar.obj : error LNK2028: unresolved token (0A00013B) "extern "C" int __stdcall SwapBuffers(struct HDC__ *)" (?SwapBuffers@@$$J14YGHPAUHDC__@@@Z) referenced in function "private: void __clrcall Mechanism::DrawFourBar::timer1_Tick(class System::Object ^,class System::EventArgs ^)" (?timer1_Tick@DrawFourBar@Mechanism@@$$FA$AAMXP$AAVObject@System@@P$AAVEventArgs@4@@Z)
SliderCrankWindow.obj : error LNK2028: unresolved token (0A0005B9) "extern "C" int __stdcall SetPixelFormat(struct HDC__ *,int,struct tagPIXELFORMATDESCRIPTOR const *)" (?SetPixelFormat@@$$J212YGHPAUHDC__@@HPBUtagPIXELFORMATDESCRIPTOR@@@Z) referenced in function "public: __clrcall Mechanism::DrawSliderCrank::DrawSliderCrank(class SliderCrank &)" (??0DrawSliderCrank@Mechanism@@$$FQ$AAM@AAVSliderCrank@@@Z)
SixBarWindow.obj : error LNK2028: unresolved token (0A000157) "extern "C" int __stdcall SetPixelFormat(struct HDC__ *,int,struct tagPIXELFORMATDESCRIPTOR const *)" (?SetPixelFormat@@$$J212YGHPAUHDC__@@HPBUtagPIXELFORMATDESCRIPTOR@@@Z) referenced in function "private: void __clrcall Mechanism::DrawSixBar::InitializeComponent(void)" (?InitializeComponent@DrawSixBar@Mechanism@@$$FA$AAMXXZ)
MainWindow.obj : error LNK2028: unresolved token (0A0005D6) "extern "C" int __stdcall SetPixelFormat(struct HDC__ *,int,struct tagPIXELFORMATDESCRIPTOR const *)" (?SetPixelFormat@@$$J212YGHPAUHDC__@@HPBUtagPIXELFORMATDESCRIPTOR@@@Z) referenced in function "public: __thiscall std::exception::exception(class std::exception const &)" (??0exception@std@@$$FQAE@ABV01@@Z)
FourBarWindow.obj : error LNK2020: unresolved token (0A000168) "extern "C" int __stdcall SetPixelFormat(struct HDC__ *,int,struct tagPIXELFORMATDESCRIPTOR const *)" (?SetPixelFormat@@$$J212YGHPAUHDC__@@HPBUtagPIXELFORMATDESCRIPTOR@@@Z)
DrawSliderCrank.obj : error LNK2028: unresolved token (0A000597) "extern "C" int __stdcall SetPixelFormat(struct HDC__ *,int,struct tagPIXELFORMATDESCRIPTOR const *)" (?SetPixelFormat@@$$J212YGHPAUHDC__@@HPBUtagPIXELFORMATDESCRIPTOR@@@Z) referenced in function "public: static void * __cdecl std::_Default_allocate_traits::_Allocate(unsigned int)" (?_Allocate@_Default_allocate_traits@std@@$$FSAPAXI@Z)
DrawSixBar.obj : error LNK2028: unresolved token (0A000138) "extern "C" int __stdcall SetPixelFormat(struct HDC__ *,int,struct tagPIXELFORMATDESCRIPTOR const *)" (?SetPixelFormat@@$$J212YGHPAUHDC__@@HPBUtagPIXELFORMATDESCRIPTOR@@@Z) referenced in function "public: __clrcall Mechanism::DrawSixBar::DrawSixBar(class SixBar &)" (??0DrawSixBar@Mechanism@@$$FQ$AAM@AAVSixBar@@@Z)
DrawFourBar.obj : error LNK2028: unresolved token (0A000149) "extern "C" int __stdcall SetPixelFormat(struct HDC__ *,int,struct tagPIXELFORMATDESCRIPTOR const *)" (?SetPixelFormat@@$$J212YGHPAUHDC__@@HPBUtagPIXELFORMATDESCRIPTOR@@@Z) referenced in function "public: __clrcall Mechanism::DrawFourBar::DrawFourBar(class FourBar &,double)" (??0DrawFourBar@Mechanism@@$$FQ$AAM@AAVFourBar@@N@Z)
MainWindow.obj : error LNK2019: unresolved external symbol "extern "C" int __stdcall SwapBuffers(struct HDC__ *)" (?SwapBuffers@@$$J14YGHPAUHDC__@@@Z) referenced in function "private: void __clrcall Mechanism::HelpWindow1::InitializeComponent(void)" (?InitializeComponent@HelpWindow1@Mechanism@@$$FA$AAMXXZ)
SixBarWindow.obj : error LNK2001: unresolved external symbol "extern "C" int __stdcall SwapBuffers(struct HDC__ *)" (?SwapBuffers@@$$J14YGHPAUHDC__@@@Z)
SliderCrankWindow.obj : error LNK2001: unresolved external symbol "extern "C" int __stdcall SwapBuffers(struct HDC__ *)" (?SwapBuffers@@$$J14YGHPAUHDC__@@@Z)
DrawFourBar.obj : error LNK2001: unresolved external symbol "extern "C" int __stdcall SwapBuffers(struct HDC__ *)" (?SwapBuffers@@$$J14YGHPAUHDC__@@@Z)
DrawSixBar.obj : error LNK2001: unresolved external symbol "extern "C" int __stdcall SwapBuffers(struct HDC__ *)" (?SwapBuffers@@$$J14YGHPAUHDC__@@@Z)
DrawSliderCrank.obj : error LNK2001: unresolved external symbol "extern "C" int __stdcall SwapBuffers(struct HDC__ *)" (?SwapBuffers@@$$J14YGHPAUHDC__@@@Z)
FourBarWindow.obj : error LNK2001: unresolved external symbol "extern "C" int __stdcall SwapBuffers(struct HDC__ *)" (?SwapBuffers@@$$J14YGHPAUHDC__@@@Z)
MainWindow.obj : error LNK2001: unresolved external symbol "extern "C" struct HDC__ * __stdcall GetDC(struct HWND__ *)" (?GetDC@@$$J14YGPAUHDC__@@PAUHWND__@@@Z)
SixBarWindow.obj : error LNK2001: unresolved external symbol "extern "C" struct HDC__ * __stdcall GetDC(struct HWND__ *)" (?GetDC@@$$J14YGPAUHDC__@@PAUHWND__@@@Z)
SliderCrankWindow.obj : error LNK2001: unresolved external symbol "extern "C" struct HDC__ * __stdcall GetDC(struct HWND__ *)" (?GetDC@@$$J14YGPAUHDC__@@PAUHWND__@@@Z)
DrawFourBar.obj : error LNK2001: unresolved external symbol "extern "C" struct HDC__ * __stdcall GetDC(struct HWND__ *)" (?GetDC@@$$J14YGPAUHDC__@@PAUHWND__@@@Z)
DrawSixBar.obj : error LNK2001: unresolved external symbol "extern "C" struct HDC__ * __stdcall GetDC(struct HWND__ *)" (?GetDC@@$$J14YGPAUHDC__@@PAUHWND__@@@Z)
DrawSliderCrank.obj : error LNK2001: unresolved external symbol "extern "C" struct HDC__ * __stdcall GetDC(struct HWND__ *)" (?GetDC@@$$J14YGPAUHDC__@@PAUHWND__@@@Z)
FourBarWindow.obj : error LNK2001: unresolved external symbol "extern "C" struct HDC__ * __stdcall GetDC(struct HWND__ *)" (?GetDC@@$$J14YGPAUHDC__@@PAUHWND__@@@Z)
MainWindow.obj : error LNK2001: unresolved external symbol "extern "C" int __stdcall ChoosePixelFormat(struct HDC__ *,struct tagPIXELFORMATDESCRIPTOR const *)" (?ChoosePixelFormat@@$$J18YGHPAUHDC__@@PBUtagPIXELFORMATDESCRIPTOR@@@Z)
SixBarWindow.obj : error LNK2001: unresolved external symbol "extern "C" int __stdcall ChoosePixelFormat(struct HDC__ *,struct tagPIXELFORMATDESCRIPTOR const *)" (?ChoosePixelFormat@@$$J18YGHPAUHDC__@@PBUtagPIXELFORMATDESCRIPTOR@@@Z)
SliderCrankWindow.obj : error LNK2001: unresolved external symbol "extern "C" int __stdcall ChoosePixelFormat(struct HDC__ *,struct tagPIXELFORMATDESCRIPTOR const *)" (?ChoosePixelFormat@@$$J18YGHPAUHDC__@@PBUtagPIXELFORMATDESCRIPTOR@@@Z)
DrawFourBar.obj : error LNK2001: unresolved external symbol "extern "C" int __stdcall ChoosePixelFormat(struct HDC__ *,struct tagPIXELFORMATDESCRIPTOR const *)" (?ChoosePixelFormat@@$$J18YGHPAUHDC__@@PBUtagPIXELFORMATDESCRIPTOR@@@Z)
DrawSixBar.obj : error LNK2001: unresolved external symbol "extern "C" int __stdcall ChoosePixelFormat(struct HDC__ *,struct tagPIXELFORMATDESCRIPTOR const *)" (?ChoosePixelFormat@@$$J18YGHPAUHDC__@@PBUtagPIXELFORMATDESCRIPTOR@@@Z)
DrawSliderCrank.obj : error LNK2001: unresolved external symbol "extern "C" int __stdcall ChoosePixelFormat(struct HDC__ *,struct tagPIXELFORMATDESCRIPTOR const *)" (?ChoosePixelFormat@@$$J18YGHPAUHDC__@@PBUtagPIXELFORMATDESCRIPTOR@@@Z)
FourBarWindow.obj : error LNK2001: unresolved external symbol "extern "C" int __stdcall ChoosePixelFormat(struct HDC__ *,struct tagPIXELFORMATDESCRIPTOR const *)" (?ChoosePixelFormat@@$$J18YGHPAUHDC__@@PBUtagPIXELFORMATDESCRIPTOR@@@Z)
MainWindow.obj : error LNK2019: unresolved external symbol "extern "C" int __stdcall SetPixelFormat(struct HDC__ *,int,struct tagPIXELFORMATDESCRIPTOR const *)" (?SetPixelFormat@@$$J212YGHPAUHDC__@@HPBUtagPIXELFORMATDESCRIPTOR@@@Z) referenced in function "public: __thiscall std::exception::exception(class std::exception const &)" (??0exception@std@@$$FQAE@ABV01@@Z)
SixBarWindow.obj : error LNK2001: unresolved external symbol "extern "C" int __stdcall SetPixelFormat(struct HDC__ *,int,struct tagPIXELFORMATDESCRIPTOR const *)" (?SetPixelFormat@@$$J212YGHPAUHDC__@@HPBUtagPIXELFORMATDESCRIPTOR@@@Z)
SliderCrankWindow.obj : error LNK2001: unresolved external symbol "extern "C" int __stdcall SetPixelFormat(struct HDC__ *,int,struct tagPIXELFORMATDESCRIPTOR const *)" (?SetPixelFormat@@$$J212YGHPAUHDC__@@HPBUtagPIXELFORMATDESCRIPTOR@@@Z)
DrawFourBar.obj : error LNK2001: unresolved external symbol "extern "C" int __stdcall SetPixelFormat(struct HDC__ *,int,struct tagPIXELFORMATDESCRIPTOR const *)" (?SetPixelFormat@@$$J212YGHPAUHDC__@@HPBUtagPIXELFORMATDESCRIPTOR@@@Z)
DrawSixBar.obj : error LNK2001: unresolved external symbol "extern "C" int __stdcall SetPixelFormat(struct HDC__ *,int,struct tagPIXELFORMATDESCRIPTOR const *)" (?SetPixelFormat@@$$J212YGHPAUHDC__@@HPBUtagPIXELFORMATDESCRIPTOR@@@Z)
DrawSliderCrank.obj : error LNK2001: unresolved external symbol "extern "C" int __stdcall SetPixelFormat(struct HDC__ *,int,struct tagPIXELFORMATDESCRIPTOR const *)" (?SetPixelFormat@@$$J212YGHPAUHDC__@@HPBUtagPIXELFORMATDESCRIPTOR@@@Z)
FourBarWindow.obj : error LNK2001: unresolved external symbol "extern "C" int __stdcall SetPixelFormat(struct HDC__ *,int,struct tagPIXELFORMATDESCRIPTOR const *)" (?SetPixelFormat@@$$J212YGHPAUHDC__@@HPBUtagPIXELFORMATDESCRIPTOR@@@Z)
D:\??\???????????\Final\Final\Release\Mechanism.exe : fatal error LNK1120: 32 unresolved externals
