d:\大四\物件導向程式設計及應用\final\final\mechanism\release\vc142.pdb
d:\大四\物件導向程式設計及應用\final\final\mechanism\release\.netframework,version=v4.7.2.assemblyattributes.obj
d:\大四\物件導向程式設計及應用\final\final\mechanism\release\slidercrankwindow.obj
d:\大四\物件導向程式設計及應用\final\final\mechanism\release\sixbarwindow.obj
d:\大四\物件導向程式設計及應用\final\final\mechanism\release\mechanism.obj
d:\大四\物件導向程式設計及應用\final\final\mechanism\release\mainwindow.obj
d:\大四\物件導向程式設計及應用\final\final\mechanism\release\helpwindow.obj
d:\大四\物件導向程式設計及應用\final\final\mechanism\release\fourbarwindow.obj
d:\大四\物件導向程式設計及應用\final\final\mechanism\release\drawslidercrank.obj
d:\大四\物件導向程式設計及應用\final\final\mechanism\release\drawsixbar.obj
d:\大四\物件導向程式設計及應用\final\final\mechanism\release\drawfourbar.obj
d:\大四\物件導向程式設計及應用\final\final\mechanism\release\mechanism.drawfourbar.resources
d:\大四\物件導向程式設計及應用\final\final\mechanism\release\mechanism.drawsixbar.resources
d:\大四\物件導向程式設計及應用\final\final\mechanism\release\mechanism.drawslidercrank.resources
d:\大四\物件導向程式設計及應用\final\final\mechanism\release\mechanism.fourbarwindow.resources
d:\大四\物件導向程式設計及應用\final\final\mechanism\release\mechanism.helpwindow1.resources
d:\大四\物件導向程式設計及應用\final\final\mechanism\release\mechanism.mainwindow.resources
d:\大四\物件導向程式設計及應用\final\final\mechanism\release\mechanism.sixbarwindow.resources
d:\大四\物件導向程式設計及應用\final\final\mechanism\release\mechanism.slidercrankwindow.resources
d:\大四\物件導向程式設計及應用\final\final\mechanism\release\mechanism.vcxproj.assemblyreference.cache
d:\大四\物件導向程式設計及應用\final\final\mechanism\release\mechanism.vcxproj.generateresource.cache
d:\大四\物件導向程式設計及應用\final\final\release\mechanism.pdb
d:\大四\物件導向程式設計及應用\final\final\mechanism\release\mechanism.tlog\cl.command.1.tlog
d:\大四\物件導向程式設計及應用\final\final\mechanism\release\mechanism.tlog\cl.read.1.tlog
d:\大四\物件導向程式設計及應用\final\final\mechanism\release\mechanism.tlog\cl.write.1.tlog
d:\大四\物件導向程式設計及應用\final\final\mechanism\release\mechanism.tlog\link.15472-cvtres.read.1.tlog
d:\大四\物件導向程式設計及應用\final\final\mechanism\release\mechanism.tlog\link.15472-cvtres.write.1.tlog
d:\大四\物件導向程式設計及應用\final\final\mechanism\release\mechanism.tlog\link.15472-rc.read.1.tlog
d:\大四\物件導向程式設計及應用\final\final\mechanism\release\mechanism.tlog\link.15472-rc.write.1.tlog
d:\大四\物件導向程式設計及應用\final\final\mechanism\release\mechanism.tlog\link.15472.read.1.tlog
d:\大四\物件導向程式設計及應用\final\final\mechanism\release\mechanism.tlog\link.15472.write.1.tlog
d:\大四\物件導向程式設計及應用\final\final\mechanism\release\mechanism.tlog\link.19164-cvtres.read.1.tlog
d:\大四\物件導向程式設計及應用\final\final\mechanism\release\mechanism.tlog\link.19164-cvtres.write.1.tlog
d:\大四\物件導向程式設計及應用\final\final\mechanism\release\mechanism.tlog\link.19164-rc.read.1.tlog
d:\大四\物件導向程式設計及應用\final\final\mechanism\release\mechanism.tlog\link.19164-rc.write.1.tlog
d:\大四\物件導向程式設計及應用\final\final\mechanism\release\mechanism.tlog\link.19164.read.1.tlog
d:\大四\物件導向程式設計及應用\final\final\mechanism\release\mechanism.tlog\link.19164.write.1.tlog
d:\大四\物件導向程式設計及應用\final\final\mechanism\release\mechanism.tlog\link.8532-cvtres.read.1.tlog
d:\大四\物件導向程式設計及應用\final\final\mechanism\release\mechanism.tlog\link.8532-cvtres.write.1.tlog
d:\大四\物件導向程式設計及應用\final\final\mechanism\release\mechanism.tlog\link.8532-rc.read.1.tlog
d:\大四\物件導向程式設計及應用\final\final\mechanism\release\mechanism.tlog\link.8532-rc.write.1.tlog
d:\大四\物件導向程式設計及應用\final\final\mechanism\release\mechanism.tlog\link.8532.read.1.tlog
d:\大四\物件導向程式設計及應用\final\final\mechanism\release\mechanism.tlog\link.8532.write.1.tlog
d:\大四\物件導向程式設計及應用\final\final\mechanism\release\mechanism.tlog\link.command.1.tlog
d:\大四\物件導向程式設計及應用\final\final\mechanism\release\mechanism.tlog\link.read.1.tlog
d:\大四\物件導向程式設計及應用\final\final\mechanism\release\mechanism.tlog\link.write.1.tlog
d:\大四\物件導向程式設計及應用\final\final\mechanism\release\mechanism.tlog\mechanism.write.1u.tlog
d:\大四\物件導向程式設計及應用\final\final\mechanism\release\mechanism.tlog\metagen.read.1.tlog
d:\大四\物件導向程式設計及應用\final\final\mechanism\release\mechanism.tlog\metagen.write.1.tlog
