d:\大四\物件導向程式設計及應用\final\mechanism\mechanism\debug\vc142.pdb
d:\大四\物件導向程式設計及應用\final\mechanism\mechanism\debug\.netframework,version=v4.7.2.assemblyattributes.obj
d:\大四\物件導向程式設計及應用\final\mechanism\mechanism\debug\slidercrankwindow.obj
d:\大四\物件導向程式設計及應用\final\mechanism\mechanism\debug\sixbarwindow.obj
d:\大四\物件導向程式設計及應用\final\mechanism\mechanism\debug\mechanism.obj
d:\大四\物件導向程式設計及應用\final\mechanism\mechanism\debug\mainwindow.obj
d:\大四\物件導向程式設計及應用\final\mechanism\mechanism\debug\helpwindow2.obj
d:\大四\物件導向程式設計及應用\final\mechanism\mechanism\debug\helpwindow1.obj
d:\大四\物件導向程式設計及應用\final\mechanism\mechanism\debug\fourbarwindow.obj
d:\大四\物件導向程式設計及應用\final\mechanism\mechanism\debug\drawslidercrank.obj
d:\大四\物件導向程式設計及應用\final\mechanism\mechanism\debug\drawsixbar.obj
d:\大四\物件導向程式設計及應用\final\mechanism\mechanism\debug\drawfourbar.obj
d:\大四\物件導向程式設計及應用\final\mechanism\debug\mechanism.exe
d:\大四\物件導向程式設計及應用\final\mechanism\debug\mechanism.pdb
d:\大四\物件導向程式設計及應用\final\final\mechanism\debug\mechanism.drawfourbar.resources
d:\大四\物件導向程式設計及應用\final\final\mechanism\debug\mechanism.drawsixbar.resources
d:\大四\物件導向程式設計及應用\final\final\mechanism\debug\mechanism.drawslidercrank.resources
d:\大四\物件導向程式設計及應用\final\final\mechanism\debug\mechanism.fourbarwindow.resources
d:\大四\物件導向程式設計及應用\final\final\mechanism\debug\mechanism.helpwindow1.resources
d:\大四\物件導向程式設計及應用\final\final\mechanism\debug\mechanism.helpwindow2.resources
d:\大四\物件導向程式設計及應用\final\final\mechanism\debug\mechanism.mainwindow.resources
d:\大四\物件導向程式設計及應用\final\final\mechanism\debug\mechanism.sixbarwindow.resources
d:\大四\物件導向程式設計及應用\final\final\mechanism\debug\mechanism.slidercrankwindow.resources
d:\大四\物件導向程式設計及應用\final\mechanism\mechanism\debug\mechanism.drawfourbar.resources
d:\大四\物件導向程式設計及應用\final\mechanism\mechanism\debug\mechanism.drawsixbar.resources
d:\大四\物件導向程式設計及應用\final\mechanism\mechanism\debug\mechanism.drawslidercrank.resources
d:\大四\物件導向程式設計及應用\final\mechanism\mechanism\debug\mechanism.fourbarwindow.resources
d:\大四\物件導向程式設計及應用\final\mechanism\mechanism\debug\mechanism.helpwindow1.resources
d:\大四\物件導向程式設計及應用\final\mechanism\mechanism\debug\mechanism.helpwindow2.resources
d:\大四\物件導向程式設計及應用\final\mechanism\mechanism\debug\mechanism.mainwindow.resources
d:\大四\物件導向程式設計及應用\final\mechanism\mechanism\debug\mechanism.sixbarwindow.resources
d:\大四\物件導向程式設計及應用\final\mechanism\mechanism\debug\mechanism.slidercrankwindow.resources
d:\大四\物件導向程式設計及應用\final\mechanism\mechanism\debug\mechanism.tlog\cl.command.1.tlog
d:\大四\物件導向程式設計及應用\final\mechanism\mechanism\debug\mechanism.tlog\cl.read.1.tlog
d:\大四\物件導向程式設計及應用\final\mechanism\mechanism\debug\mechanism.tlog\cl.write.1.tlog
d:\大四\物件導向程式設計及應用\final\mechanism\mechanism\debug\mechanism.tlog\link.command.1.tlog
d:\大四\物件導向程式設計及應用\final\mechanism\mechanism\debug\mechanism.tlog\link.read.1.tlog
d:\大四\物件導向程式設計及應用\final\mechanism\mechanism\debug\mechanism.tlog\link.write.1.tlog
d:\大四\物件導向程式設計及應用\final\mechanism\mechanism\debug\mechanism.tlog\mechanism.write.1u.tlog
d:\大四\物件導向程式設計及應用\final\mechanism\mechanism\debug\mechanism.tlog\metagen.read.1.tlog
d:\大四\物件導向程式設計及應用\final\mechanism\mechanism\debug\mechanism.tlog\metagen.write.1.tlog
